0 info it worked if it ends with ok
1 verbose cli [ 'C:\\Program Files\\nodejs\\node.exe',
1 verbose cli   'E:\\node\\node_modules\\npm\\bin\\npm-cli.js',
1 verbose cli   'start' ]
2 info using npm@3.10.10
3 info using node@v10.14.2
4 verbose run-script [ 'prestart', 'start', 'poststart' ]
5 info lifecycle react-router-4-example@0.1.0~prestart: react-router-4-example@0.1.0
6 silly lifecycle react-router-4-example@0.1.0~prestart: no script for prestart, continuing
7 info lifecycle react-router-4-example@0.1.0~start: react-router-4-example@0.1.0
8 verbose lifecycle react-router-4-example@0.1.0~start: unsafe-perm in lifecycle true
9 verbose lifecycle react-router-4-example@0.1.0~start: PATH: E:\node\node_modules\npm\bin\node-gyp-bin;E:\node\react-router\node_modules\.bin;c:\Program Files (x86)\Intel\iCLS Client\;c:\Program Files\Intel\iCLS Client\;C:\WINDOWS\system32;C:\WINDOWS;C:\WINDOWS\System32\Wbem;C:\WINDOWS\System32\WindowsPowerShell\v1.0\;C:\Program Files\Intel\Intel(R) Management Engine Components\DAL;C:\Program Files\Intel\Intel(R) Management Engine Components\IPT;C:\Program Files (x86)\Intel\Intel(R) Management Engine Components\DAL;C:\Program Files (x86)\Intel\Intel(R) Management Engine Components\IPT;C:\Program Files\Intel\WiFi\bin\;C:\Program Files\Common Files\Intel\WirelessCommon\;C:\Program Files (x86)\Brackets\command;C;;C:\Program Files\Microsoft VS Code\bin;C:\Program Files\PuTTY\;C:\Program Files\nodejs\;C:\Users\rashid\AppData\Local\atom\bin;E:\node\npm;E:\node\;C;C:\Users\rashid\AppData\Roaming\npm
10 verbose lifecycle react-router-4-example@0.1.0~start: CWD: E:\node\react-router
11 silly lifecycle react-router-4-example@0.1.0~start: Args: [ '/d /s /c', 'react-scripts start' ]
12 silly lifecycle react-router-4-example@0.1.0~start: Returned: code: 3221225786  signal: null
13 info lifecycle react-router-4-example@0.1.0~start: Failed to exec start script
14 verbose stack Error: react-router-4-example@0.1.0 start: `react-scripts start`
14 verbose stack Exit status 3221225786
14 verbose stack     at EventEmitter.<anonymous> (E:\node\node_modules\npm\lib\utils\lifecycle.js:255:16)
14 verbose stack     at EventEmitter.emit (events.js:182:13)
14 verbose stack     at ChildProcess.<anonymous> (E:\node\node_modules\npm\lib\utils\spawn.js:40:14)
14 verbose stack     at ChildProcess.emit (events.js:182:13)
14 verbose stack     at maybeClose (internal/child_process.js:962:16)
14 verbose stack     at Process.ChildProcess._handle.onexit (internal/child_process.js:251:5)
15 verbose pkgid react-router-4-example@0.1.0
16 verbose cwd E:\node\react-router
17 error Windows_NT 6.3.9600
18 error argv "C:\\Program Files\\nodejs\\node.exe" "E:\\node\\node_modules\\npm\\bin\\npm-cli.js" "start"
19 error node v10.14.2
20 error npm  v3.10.10
21 error code ELIFECYCLE
22 error react-router-4-example@0.1.0 start: `react-scripts start`
22 error Exit status 3221225786
23 error Failed at the react-router-4-example@0.1.0 start script 'react-scripts start'.
23 error Make sure you have the latest version of node.js and npm installed.
23 error If you do, this is most likely a problem with the react-router-4-example package,
23 error not with npm itself.
23 error Tell the author that this fails on your system:
23 error     react-scripts start
23 error You can get information on how to open an issue for this project with:
23 error     npm bugs react-router-4-example
23 error Or if that isn't available, you can get their info via:
23 error     npm owner ls react-router-4-example
23 error There is likely additional logging output above.
24 verbose exit [ 1, true ]
